Questionable use of curly braces in "r1_p{id} n{shunt} n{vdc} 0.001"
    Error: undefined symbol in: "[id]"
Questionable use of curly braces in "r1_p(id) n{shunt} n{vdc} 0.001"
    Error: undefined symbol in: "[shunt]"
Questionable use of curly braces in "r1_p(id) n(shunt) n{vdc} 0.001"
    Error: undefined symbol in: "[vdc]"
Questionable use of curly braces in "i1_p{id} n003_p{id} n002_p{id} p{nominal_current}"
    Error: undefined symbol in: "[id]"
Questionable use of curly braces in "i1_p(id) n003_p{id} n002_p{id} p{nominal_current}"
    Error: undefined symbol in: "[id]"
Questionable use of curly braces in "i1_p(id) n003_p(id) n002_p{id} p{nominal_current}"
    Error: undefined symbol in: "[id]"
Questionable use of curly braces in "i1_p(id) n003_p(id) n002_p(id) p{nominal_current}"
    Error: undefined symbol in: "[nominal_current]"
Questionable use of curly braces in "v1_p{id} n001_p{id} n002_p{id} p{nominal_voltage}"
    Error: undefined symbol in: "[id]"
Questionable use of curly braces in "v1_p(id) n001_p{id} n002_p{id} p{nominal_voltage}"
    Error: undefined symbol in: "[id]"
Questionable use of curly braces in "v1_p(id) n001_p(id) n002_p{id} p{nominal_voltage}"
    Error: undefined symbol in: "[id]"
Questionable use of curly braces in "v1_p(id) n001_p(id) n002_p(id) p{nominal_voltage}"
    Error: undefined symbol in: "[nominal_voltage]"
Questionable use of curly braces in "i2_p{id} n003_p{id} n{gnd} p{nominal_current}"
    Error: undefined symbol in: "[id]"
Questionable use of curly braces in "i2_p(id) n003_p{id} n{gnd} p{nominal_current}"
    Error: undefined symbol in: "[id]"
Questionable use of curly braces in "i2_p(id) n003_p(id) n{gnd} p{nominal_current}"
    Error: undefined symbol in: "[gnd]"
Questionable use of curly braces in "i2_p(id) n003_p(id) n(gnd) p{nominal_current}"
    Error: undefined symbol in: "[nominal_current]"
Questionable use of curly braces in "s4_p{id} n{shunt} n001_p{id} n001_p{id} n{shunt} source_diosw"
    Error: undefined symbol in: "[id]"
Questionable use of curly braces in "s4_p(id) n{shunt} n001_p{id} n001_p{id} n{shunt} source_diosw"
    Error: undefined symbol in: "[shunt]"
Questionable use of curly braces in "s4_p(id) n(shunt) n001_p{id} n001_p{id} n{shunt} source_diosw"
    Error: undefined symbol in: "[id]"
Questionable use of curly braces in "s4_p(id) n(shunt) n001_p(id) n001_p{id} n{shunt} source_diosw"
    Error: undefined symbol in: "[id]"
Questionable use of curly braces in "s4_p(id) n(shunt) n001_p(id) n001_p(id) n{shunt} source_diosw"
    Error: undefined symbol in: "[shunt]"
Questionable use of curly braces in "s5_p{id} n003_p{id} n002_p{id} n002_p{id} n003_p{id} source_diosw"
    Error: undefined symbol in: "[id]"
Questionable use of curly braces in "s5_p(id) n003_p{id} n002_p{id} n002_p{id} n003_p{id} source_diosw"
    Error: undefined symbol in: "[id]"
Questionable use of curly braces in "s5_p(id) n003_p(id) n002_p{id} n002_p{id} n003_p{id} source_diosw"
    Error: undefined symbol in: "[id]"
Questionable use of curly braces in "s5_p(id) n003_p(id) n002_p(id) n002_p{id} n003_p{id} source_diosw"
    Error: undefined symbol in: "[id]"
Questionable use of curly braces in "s5_p(id) n003_p(id) n002_p(id) n002_p(id) n003_p{id} source_diosw"
    Error: undefined symbol in: "[id]"
Questionable use of curly braces in "s6_p{id} n003_p{id} n{gnd} n{gnd} n003_p{id} source_diosw"
    Error: undefined symbol in: "[id]"
Questionable use of curly braces in "s6_p(id) n003_p{id} n{gnd} n{gnd} n003_p{id} source_diosw"
    Error: undefined symbol in: "[id]"
Questionable use of curly braces in "s6_p(id) n003_p(id) n{gnd} n{gnd} n003_p{id} source_diosw"
    Error: undefined symbol in: "[gnd]"
Questionable use of curly braces in "s6_p(id) n003_p(id) n(gnd) n{gnd} n003_p{id} source_diosw"
    Error: undefined symbol in: "[gnd]"
Questionable use of curly braces in "s6_p(id) n003_p(id) n(gnd) n(gnd) n003_p{id} source_diosw"
    Error: undefined symbol in: "[id]"
Circuit: * Current limited power source

Error on line 2 : r1_p(id) n(shunt) n(vdc) 0.001
	 Unable to find definition of model "shunt"
	
	*  Unknown parameter "n"
Error on line 3 : i1_p(id) n003_p(id) n002_p(id) p(nominal_current)
	 Unknown parameter "id"
Error on line 4 : v1_p(id) n001_p(id) n002_p(id) p(nominal_voltage)
	 Unknown parameter "id"
Error on line 5 : i2_p(id) n003_p(id) n(gnd) p(nominal_current)
	 Unknown parameter "id"
Error on line 6 : s4_p(id) n(shunt) n001_p(id) n001_p(id) n(shunt) source_diosw
	 Unable to find definition of model "id"
	
	*  Unknown parameter "n001_p"
Error on line 7 : s5_p(id) n003_p(id) n002_p(id) n002_p(id) n003_p(id) source_diosw
	 Unable to find definition of model "id"
	
	*  Unknown parameter "n002_p"
Error on line 8 : s6_p(id) n003_p(id) n(gnd) n(gnd) n003_p(id) source_diosw
	 Unable to find definition of model "gnd"
	
	*  Unknown parameter "n"
Fatal Error: No analysis request found.
